<?xml version="1.0" encoding="UTF-8"?>
<!-- Generated by org.testng.reporters.JUnitXMLReporter -->
<testsuite hostname="CognitsBryanPaz" ignored="0" name="dashboard" tests="7" failures="1" timestamp="02 oct 2017 17:31:39 GMT" time="64.071" errors="0">
  <testcase name="AbrirNavegador" time="19.361" classname="fd.dashboard"/>
  <testcase name="IniciarSesion" time="20.493" classname="fd.dashboard"/>
  <testcase name="Select" time="0.217" classname="fd.dashboard"/>
  <testcase name="Promo" time="7.536" classname="fd.dashboard"/>
  <testcase name="NuevoCupon" time="4.69" classname="fd.dashboard"/>
  <testcase name="TLealtad" time="11.523" classname="fd.dashboard"/>
  <testcase name="PremiosalInstante" time="0.232" classname="fd.dashboard">
    <failure type="org.openqa.selenium.WebDriverException" message="unknown error: Element &amp;lt;div ng-if=&amp;quot;userInfo.Business[Customer.$id].Role == &amp;apos;Admin&amp;apos; || userInfo.Business[Customer.$id].Role == &amp;apos;Marketing&amp;apos;&amp;quot; class=&amp;quot;glyphicon glyphicon-plus frenzyTitleColorText frenzyCircleButton clickCursor ng-scope&amp;quot; ng-click=&amp;quot;showForms()&amp;quot; data-toggle=&amp;quot;modal&amp;quot; data-target=&amp;quot;#myModal2&amp;quot; data-backdrop=&amp;quot;static&amp;quot; data-keyboard=&amp;quot;false&amp;quot;&amp;gt;&amp;lt;/div&amp;gt; is not clickable at point (932, 199). Other element would receive the click: &amp;lt;div class=&amp;quot;swal2-container swal2-fade swal2-shown&amp;quot; style=&amp;quot;overflow-y: auto;&amp;quot;&amp;gt;...&amp;lt;/div&amp;gt;
  (Session info: chrome=61.0.3163.100)
  (Driver info: chromedriver=2.32.498550 (9dec58e66c31bcc53a9ce3c7226f0c1c5810906a),platform=Windows NT 10.0.15063 x86_64) (WARNING: The server did not provide any stacktrace information)
Command duration or timeout: 0 milliseconds
Build info: version: &amp;apos;unknown&amp;apos;, revision: &amp;apos;unknown&amp;apos;, time: &amp;apos;unknown&amp;apos;
System info: host: &amp;apos;COGNITSBRYANPAZ&amp;apos;, ip: &amp;apos;192.168.50.174&amp;apos;, os.name: &amp;apos;Windows 10&amp;apos;, os.arch: &amp;apos;amd64&amp;apos;, os.version: &amp;apos;10.0&amp;apos;, java.version: &amp;apos;1.8.0_144&amp;apos;
Driver info: org.openqa.selenium.chrome.ChromeDriver
Capabilities [{mobileEmulationEnabled=false, hasTouchScreen=false, platform=XP, acceptSslCerts=true, webStorageEnabled=true, browserName=chrome, takesScreenshot=true, javascriptEnabled=true, platformName=XP, setWindowRect=true, unexpectedAlertBehaviour=, applicationCacheEnabled=false, rotatable=false, networkConnectionEnabled=false, chrome={chromedriverVersion=2.32.498550 (9dec58e66c31bcc53a9ce3c7226f0c1c5810906a), userDataDir=C:\Users\BRYANP~1\AppData\Local\Temp\scoped_dir13868_31141}, takesHeapSnapshot=true, pageLoadStrategy=normal, unhandledPromptBehavior=, databaseEnabled=false, handlesAlerts=true, version=61.0.3163.100, browserConnectionEnabled=false, nativeEvents=true, locationContextEnabled=true, cssSelectorsEnabled=true}]
Session ID: 7302c6bc05beff9b946f2337810b7ce1">
      <![CDATA[org.openqa.selenium.WebDriverException: unknown error: Element <div ng-if="userInfo.Business[Customer.$id].Role == 'Admin' || userInfo.Business[Customer.$id].Role == 'Marketing'" class="glyphicon glyphicon-plus frenzyTitleColorText frenzyCircleButton clickCursor ng-scope" ng-click="showForms()" data-toggle="modal" data-target="#myModal2" data-backdrop="static" data-keyboard="false"></div> is not clickable at point (932, 199). Other element would receive the click: <div class="swal2-container swal2-fade swal2-shown" style="overflow-y: auto;">...</div>
  (Session info: chrome=61.0.3163.100)
  (Driver info: chromedriver=2.32.498550 (9dec58e66c31bcc53a9ce3c7226f0c1c5810906a),platform=Windows NT 10.0.15063 x86_64) (WARNING: The server did not provide any stacktrace information)
Command duration or timeout: 0 milliseconds
Build info: version: 'unknown', revision: 'unknown', time: 'unknown'
System info: host: 'COGNITSBRYANPAZ', ip: '192.168.50.174', os.name: 'Windows 10', os.arch: 'amd64', os.version: '10.0', java.version: '1.8.0_144'
Driver info: org.openqa.selenium.chrome.ChromeDriver
Capabilities [{mobileEmulationEnabled=false, hasTouchScreen=false, platform=XP, acceptSslCerts=true, webStorageEnabled=true, browserName=chrome, takesScreenshot=true, javascriptEnabled=true, platformName=XP, setWindowRect=true, unexpectedAlertBehaviour=, applicationCacheEnabled=false, rotatable=false, networkConnectionEnabled=false, chrome={chromedriverVersion=2.32.498550 (9dec58e66c31bcc53a9ce3c7226f0c1c5810906a), userDataDir=C:\Users\BRYANP~1\AppData\Local\Temp\scoped_dir13868_31141}, takesHeapSnapshot=true, pageLoadStrategy=normal, unhandledPromptBehavior=, databaseEnabled=false, handlesAlerts=true, version=61.0.3163.100, browserConnectionEnabled=false, nativeEvents=true, locationContextEnabled=true, cssSelectorsEnabled=true}]
Session ID: 7302c6bc05beff9b946f2337810b7ce1
	at org.openqa.selenium.remote.ErrorHandler.createThrowable(ErrorHandler.java:215)
	at org.openqa.selenium.remote.ErrorHandler.throwIfResponseFailed(ErrorHandler.java:167)
	at org.openqa.selenium.remote.http.JsonHttpResponseCodec.reconstructValue(JsonHttpResponseCodec.java:40)
	at org.openqa.selenium.remote.http.AbstractHttpResponseCodec.decode(AbstractHttpResponseCodec.java:82)
	at org.openqa.selenium.remote.http.AbstractHttpResponseCodec.decode(AbstractHttpResponseCodec.java:45)
	at org.openqa.selenium.remote.HttpCommandExecutor.execute(HttpCommandExecutor.java:164)
	at org.openqa.selenium.remote.service.DriverCommandExecutor.execute(DriverCommandExecutor.java:82)
	at org.openqa.selenium.remote.RemoteWebDriver.execute(RemoteWebDriver.java:646)
	at org.openqa.selenium.remote.RemoteWebElement.execute(RemoteWebElement.java:275)
	at org.openqa.selenium.remote.RemoteWebElement.click(RemoteWebElement.java:82)
	at fd.dashboard.PremiosalInstante(dashboard.java:322)
... Removed 28 stack frames]]>
    </failure>
  </testcase> <!-- PremiosalInstante -->
</testsuite> <!-- dashboard -->
