<?xml version="1.0" encoding="UTF-8"?>
<!-- Generated by org.testng.reporters.JUnitXMLReporter -->
<testsuite hostname="CognitsBryanPaz" ignored="1" name="Test_Frenzy" tests="11" failures="3" timestamp="26 sep 2017 17:34:56 GMT" time="145.544" errors="0">
  <testcase name="AbrirNavegador" time="5.737" classname="Package_1.Test_Frenzy"/>
  <testcase name="Login" time="5.869" classname="Package_1.Test_Frenzy"/>
  <testcase name="Navegacion" time="13.526" classname="Package_1.Test_Frenzy"/>
  <testcase name="BotonesHome" time="34.655" classname="Package_1.Test_Frenzy">
    <failure type="org.openqa.selenium.TimeoutException" message="Expected condition failed: waiting for element to be clickable: By.xpath: //DIV[@class=&amp;apos;buttonTutorialCodePromotion flexVerticalCenter justifyContentCenter&amp;apos;] (tried for 30 second(s) with 500 MILLISECONDS interval)">
      <![CDATA[org.openqa.selenium.TimeoutException: Expected condition failed: waiting for element to be clickable: By.xpath: //DIV[@class='buttonTutorialCodePromotion flexVerticalCenter justifyContentCenter'] (tried for 30 second(s) with 500 MILLISECONDS interval)
	at org.openqa.selenium.support.ui.WebDriverWait.timeoutException(WebDriverWait.java:80)
	at org.openqa.selenium.support.ui.FluentWait.until(FluentWait.java:232)
	at Package_1.Test_Frenzy.BotonesHome(Test_Frenzy.java:143)
Caused by: org.openqa.selenium.NoSuchElementException: Cannot locate an element using By.xpath: //DIV[@class='buttonTutorialCodePromotion flexVerticalCenter justifyContentCenter']
For documentation on this error, please visit: http://seleniumhq.org/exceptions/no_such_element.html
Build info: version: 'unknown', revision: 'unknown', time: 'unknown'
System info: host: 'COGNITSBRYANPAZ', ip: '192.168.50.174', os.name: 'Windows 10', os.arch: 'amd64', os.version: '10.0', java.version: '1.8.0_144'
Driver info: driver.version: unknown
	at org.openqa.selenium.support.ui.ExpectedConditions.lambda$findElement$0(ExpectedConditions.java:883)
	at java.util.Optional.orElseThrow(Unknown Source)
	at org.openqa.selenium.support.ui.ExpectedConditions.findElement(ExpectedConditions.java:882)
	at org.openqa.selenium.support.ui.ExpectedConditions.access$000(ExpectedConditions.java:44)
	at org.openqa.selenium.support.ui.ExpectedConditions$7.apply(ExpectedConditions.java:206)
	at org.openqa.selenium.support.ui.ExpectedConditions$7.apply(ExpectedConditions.java:202)
	at org.openqa.selenium.support.ui.ExpectedConditions$22.apply(ExpectedConditions.java:644)
	at org.openqa.selenium.support.ui.ExpectedConditions$22.apply(ExpectedConditions.java:641)
	at org.openqa.selenium.support.ui.FluentWait.until(FluentWait.java:209)
	... 25 more
... Removed 24 stack frames]]>
    </failure>
  </testcase> <!-- BotonesHome -->
  <testcase name="Categorias" time="0.748" classname="Package_1.Test_Frenzy"/>
  <testcase name="GanarBits" time="2.525" classname="Package_1.Test_Frenzy"/>
  <testcase name="QueEsFrenzyVideo" time="5.751" classname="Package_1.Test_Frenzy"/>
  <testcase name="ComoGanoBits" time="35.517" classname="Package_1.Test_Frenzy">
    <failure type="org.openqa.selenium.TimeoutException" message="Expected condition failed: waiting for element to be clickable: By.xpath: //DIV[@class=&amp;apos;buttonTutorialHowWin flexVerticalCenter justifyContentCenter&amp;apos;] (tried for 30 second(s) with 500 MILLISECONDS interval)">
      <![CDATA[org.openqa.selenium.TimeoutException: Expected condition failed: waiting for element to be clickable: By.xpath: //DIV[@class='buttonTutorialHowWin flexVerticalCenter justifyContentCenter'] (tried for 30 second(s) with 500 MILLISECONDS interval)
	at org.openqa.selenium.support.ui.WebDriverWait.timeoutException(WebDriverWait.java:80)
	at org.openqa.selenium.support.ui.FluentWait.until(FluentWait.java:232)
	at Package_1.Test_Frenzy.ComoGanoBits(Test_Frenzy.java:266)
Caused by: org.openqa.selenium.NoSuchElementException: Cannot locate an element using By.xpath: //DIV[@class='buttonTutorialHowWin flexVerticalCenter justifyContentCenter']
For documentation on this error, please visit: http://seleniumhq.org/exceptions/no_such_element.html
Build info: version: 'unknown', revision: 'unknown', time: 'unknown'
System info: host: 'COGNITSBRYANPAZ', ip: '192.168.50.174', os.name: 'Windows 10', os.arch: 'amd64', os.version: '10.0', java.version: '1.8.0_144'
Driver info: driver.version: unknown
	at org.openqa.selenium.support.ui.ExpectedConditions.lambda$findElement$0(ExpectedConditions.java:883)
	at java.util.Optional.orElseThrow(Unknown Source)
	at org.openqa.selenium.support.ui.ExpectedConditions.findElement(ExpectedConditions.java:882)
	at org.openqa.selenium.support.ui.ExpectedConditions.access$000(ExpectedConditions.java:44)
	at org.openqa.selenium.support.ui.ExpectedConditions$7.apply(ExpectedConditions.java:206)
	at org.openqa.selenium.support.ui.ExpectedConditions$7.apply(ExpectedConditions.java:202)
	at org.openqa.selenium.support.ui.ExpectedConditions$22.apply(ExpectedConditions.java:644)
	at org.openqa.selenium.support.ui.ExpectedConditions$22.apply(ExpectedConditions.java:641)
	at org.openqa.selenium.support.ui.FluentWait.until(FluentWait.java:209)
	... 25 more
... Removed 24 stack frames]]>
    </failure>
  </testcase> <!-- ComoGanoBits -->
  <testcase name="Ofertas" time="30.316" classname="Package_1.Test_Frenzy">
    <failure type="org.openqa.selenium.TimeoutException" message="Expected condition failed: waiting for visibility of element located by By.xpath: //DIV[@class=&amp;apos;col-xs-12 col-sm-12 col-md-11 col-lg-10&amp;apos;] (tried for 30 second(s) with 500 MILLISECONDS interval)">
      <![CDATA[org.openqa.selenium.TimeoutException: Expected condition failed: waiting for visibility of element located by By.xpath: //DIV[@class='col-xs-12 col-sm-12 col-md-11 col-lg-10'] (tried for 30 second(s) with 500 MILLISECONDS interval)
	at org.openqa.selenium.support.ui.WebDriverWait.timeoutException(WebDriverWait.java:80)
	at org.openqa.selenium.support.ui.FluentWait.until(FluentWait.java:232)
	at Package_1.Test_Frenzy.Ofertas(Test_Frenzy.java:278)
Caused by: org.openqa.selenium.NoSuchElementException: Cannot locate an element using By.xpath: //DIV[@class='col-xs-12 col-sm-12 col-md-11 col-lg-10']
For documentation on this error, please visit: http://seleniumhq.org/exceptions/no_such_element.html
Build info: version: 'unknown', revision: 'unknown', time: 'unknown'
System info: host: 'COGNITSBRYANPAZ', ip: '192.168.50.174', os.name: 'Windows 10', os.arch: 'amd64', os.version: '10.0', java.version: '1.8.0_144'
Driver info: driver.version: unknown
	at org.openqa.selenium.support.ui.ExpectedConditions.lambda$findElement$0(ExpectedConditions.java:883)
	at java.util.Optional.orElseThrow(Unknown Source)
	at org.openqa.selenium.support.ui.ExpectedConditions.findElement(ExpectedConditions.java:882)
	at org.openqa.selenium.support.ui.ExpectedConditions.access$000(ExpectedConditions.java:44)
	at org.openqa.selenium.support.ui.ExpectedConditions$7.apply(ExpectedConditions.java:206)
	at org.openqa.selenium.support.ui.ExpectedConditions$7.apply(ExpectedConditions.java:202)
	at org.openqa.selenium.support.ui.FluentWait.until(FluentWait.java:209)
	... 25 more
... Removed 24 stack frames]]>
    </failure>
  </testcase> <!-- Ofertas -->
  <testcase name="Premios" time="7.204" classname="Package_1.Test_Frenzy"/>
  <testcase name="BotonesApp" time="3.686" classname="Package_1.Test_Frenzy"/>
  <testcase name="PDF" time="0.0" classname="Package_1.Test_Frenzy">
    <ignored/>
  </testcase> <!-- PDF -->
</testsuite> <!-- Test_Frenzy -->
