<?xml version="1.0" encoding="UTF-8"?>
<!-- Generated by org.testng.reporters.JUnitXMLReporter -->
<testsuite hostname="CognitsBryanPaz" ignored="0" name="test" tests="15" failures="1" timestamp="28 sep 2017 15:39:53 GMT" time="70.078" errors="0">
  <testcase name="AbrirNavegador1" time="12.382" classname="fd.test"/>
  <testcase name="Navegacion" time="11.74" classname="fd.test"/>
  <testcase name="HomeServicios" time="2.408" classname="fd.test">
    <failure type="org.openqa.selenium.WebDriverException" message="unknown error: Element &amp;lt;img src=&amp;quot;img/flecha-abajo.png&amp;quot; alt=&amp;quot;&amp;quot; href=&amp;quot;#Services&amp;quot; du-smooth-scroll=&amp;quot;&amp;quot; du-scrollspy=&amp;quot;&amp;quot; offset=&amp;quot;30&amp;quot;&amp;gt; is not clickable at point (590, 191). Other element would receive the click: &amp;lt;div class=&amp;quot;row barServicesFrenzy ng-scope&amp;quot;&amp;gt;...&amp;lt;/div&amp;gt;
  (Session info: chrome=61.0.3163.100)
  (Driver info: chromedriver=2.32.498550 (9dec58e66c31bcc53a9ce3c7226f0c1c5810906a),platform=Windows NT 10.0.15063 x86_64) (WARNING: The server did not provide any stacktrace information)
Command duration or timeout: 0 milliseconds
Build info: version: &amp;apos;unknown&amp;apos;, revision: &amp;apos;unknown&amp;apos;, time: &amp;apos;unknown&amp;apos;
System info: host: &amp;apos;COGNITSBRYANPAZ&amp;apos;, ip: &amp;apos;192.168.50.174&amp;apos;, os.name: &amp;apos;Windows 10&amp;apos;, os.arch: &amp;apos;amd64&amp;apos;, os.version: &amp;apos;10.0&amp;apos;, java.version: &amp;apos;1.8.0_144&amp;apos;
Driver info: org.openqa.selenium.chrome.ChromeDriver
Capabilities [{mobileEmulationEnabled=false, hasTouchScreen=false, platform=XP, acceptSslCerts=true, webStorageEnabled=true, browserName=chrome, takesScreenshot=true, javascriptEnabled=true, platformName=XP, setWindowRect=true, unexpectedAlertBehaviour=, applicationCacheEnabled=false, rotatable=false, networkConnectionEnabled=false, chrome={chromedriverVersion=2.32.498550 (9dec58e66c31bcc53a9ce3c7226f0c1c5810906a), userDataDir=C:\Users\BRYANP~1\AppData\Local\Temp\scoped_dir756_11337}, takesHeapSnapshot=true, pageLoadStrategy=normal, unhandledPromptBehavior=, databaseEnabled=false, handlesAlerts=true, version=61.0.3163.100, browserConnectionEnabled=false, nativeEvents=true, locationContextEnabled=true, cssSelectorsEnabled=true}]
Session ID: 36da15ee77592fe8b89a1ab80a8ad896">
      <![CDATA[org.openqa.selenium.WebDriverException: unknown error: Element <img src="img/flecha-abajo.png" alt="" href="#Services" du-smooth-scroll="" du-scrollspy="" offset="30"> is not clickable at point (590, 191). Other element would receive the click: <div class="row barServicesFrenzy ng-scope">...</div>
  (Session info: chrome=61.0.3163.100)
  (Driver info: chromedriver=2.32.498550 (9dec58e66c31bcc53a9ce3c7226f0c1c5810906a),platform=Windows NT 10.0.15063 x86_64) (WARNING: The server did not provide any stacktrace information)
Command duration or timeout: 0 milliseconds
Build info: version: 'unknown', revision: 'unknown', time: 'unknown'
System info: host: 'COGNITSBRYANPAZ', ip: '192.168.50.174', os.name: 'Windows 10', os.arch: 'amd64', os.version: '10.0', java.version: '1.8.0_144'
Driver info: org.openqa.selenium.chrome.ChromeDriver
Capabilities [{mobileEmulationEnabled=false, hasTouchScreen=false, platform=XP, acceptSslCerts=true, webStorageEnabled=true, browserName=chrome, takesScreenshot=true, javascriptEnabled=true, platformName=XP, setWindowRect=true, unexpectedAlertBehaviour=, applicationCacheEnabled=false, rotatable=false, networkConnectionEnabled=false, chrome={chromedriverVersion=2.32.498550 (9dec58e66c31bcc53a9ce3c7226f0c1c5810906a), userDataDir=C:\Users\BRYANP~1\AppData\Local\Temp\scoped_dir756_11337}, takesHeapSnapshot=true, pageLoadStrategy=normal, unhandledPromptBehavior=, databaseEnabled=false, handlesAlerts=true, version=61.0.3163.100, browserConnectionEnabled=false, nativeEvents=true, locationContextEnabled=true, cssSelectorsEnabled=true}]
Session ID: 36da15ee77592fe8b89a1ab80a8ad896
	at org.openqa.selenium.remote.ErrorHandler.createThrowable(ErrorHandler.java:215)
	at org.openqa.selenium.remote.ErrorHandler.throwIfResponseFailed(ErrorHandler.java:167)
	at org.openqa.selenium.remote.http.JsonHttpResponseCodec.reconstructValue(JsonHttpResponseCodec.java:40)
	at org.openqa.selenium.remote.http.AbstractHttpResponseCodec.decode(AbstractHttpResponseCodec.java:82)
	at org.openqa.selenium.remote.http.AbstractHttpResponseCodec.decode(AbstractHttpResponseCodec.java:45)
	at org.openqa.selenium.remote.HttpCommandExecutor.execute(HttpCommandExecutor.java:164)
	at org.openqa.selenium.remote.service.DriverCommandExecutor.execute(DriverCommandExecutor.java:82)
	at org.openqa.selenium.remote.RemoteWebDriver.execute(RemoteWebDriver.java:646)
	at org.openqa.selenium.remote.RemoteWebElement.execute(RemoteWebElement.java:275)
	at org.openqa.selenium.remote.RemoteWebElement.click(RemoteWebElement.java:82)
	at fd.test.HomeServicios(test.java:71)
... Removed 29 stack frames]]>
    </failure>
  </testcase> <!-- HomeServicios -->
  <testcase name="VideoHome" time="4.913" classname="fd.test"/>
  <testcase name="Formulario" time="11.583" classname="fd.test"/>
  <testcase name="SeccionSistemaDeBits" time="2.246" classname="fd.test"/>
  <testcase name="VideoSistemadeBits" time="2.493" classname="fd.test"/>
  <testcase name="BotonComprar" time="3.316" classname="fd.test"/>
  <testcase name="CalculaTuCosto" time="1.222" classname="fd.test"/>
  <testcase name="Registrate" time="2.151" classname="fd.test"/>
  <testcase name="SeccionCuponesyPromociones" time="2.527" classname="fd.test"/>
  <testcase name="ButtonsRegistrate" time="3.505" classname="fd.test"/>
  <testcase name="SeccionSistemadeGibits" time="1.539" classname="fd.test"/>
  <testcase name="SistemadeGibitsVideo" time="2.639" classname="fd.test"/>
  <testcase name="ButtonsCompraryRegistrate" time="5.33" classname="fd.test"/>
</testsuite> <!-- test -->
